2015-09-13 18:59:48.686 [error] <0.265.0> Supervisor 'Elixir.Logger.Supervisor' had child undefined started with 'Elixir.Logger.Watcher':watcher(error_logger, 'Elixir.Logger.ErrorHandler', {true,false,500}, link) at <0.270.0> exit with reason normal in context child_terminated
2015-09-13 18:59:48.720 [info] <0.7.0> Application lager started on node nonode@nohost
2015-09-13 18:59:48.729 [info] <0.7.0> Application setup started on node nonode@nohost
2015-09-13 18:59:48.830 [info] <0.333.0>@exometer_report:do_start_reporters:632 Starting reporters with [{reporters,[{exometer_report_statsd,[{hostname,"localhost"},{port,8125}]}]},{subscribers,[{exometer_report_statsd,[square_square_backend,webapp,resp_time],[min,max,mean,'95','90'],1000,true},{exometer_report_statsd,[square_square_backend,ecto,query_exec_time],[min,max,mean,'95','90'],1000,true},{exometer_report_statsd,[erlang,memory],[atom,binary,ets,processes,total],1000,true},{exometer_report_statsd,[square_square_backend,webapp,resp_count],one,1000,true},{exometer_report_statsd,[square_square_backend,ecto,query_count],one,1000,true},{exometer_report_statsd,[erlang,statistics],run_queue,1000,true}]}]
2015-09-13 18:59:48.830 [info] <0.7.0> Application exometer_core started on node nonode@nohost
2015-09-13 18:59:48.835 [info] <0.340.0>@exometer_report_statsd:exometer_init:47 exometer_report_statsd([{hostname,"localhost"},{port,8125}]): Starting
2015-09-13 18:59:48.850 [info] <0.7.0> Application exometer started on node nonode@nohost
2015-09-13 18:59:49.015 [warning] <0.6.0> lager_error_logger_h dropped 74 messages in the last second that exceeded the limit of 50 messages/sec
2015-09-13 18:59:49.015 [info] <0.7.0> Application square_square_backend started on node nonode@nohost
2015-09-13 19:02:09.250 [error] <0.265.0> Supervisor 'Elixir.Logger.Supervisor' had child undefined started with 'Elixir.Logger.Watcher':watcher(error_logger, 'Elixir.Logger.ErrorHandler', {true,false,500}, link) at <0.270.0> exit with reason normal in context child_terminated
2015-09-13 19:02:09.277 [info] <0.7.0> Application lager started on node nonode@nohost
2015-09-13 19:02:09.284 [info] <0.7.0> Application setup started on node nonode@nohost
2015-09-13 19:02:09.339 [info] <0.333.0>@exometer_report:do_start_reporters:632 Starting reporters with [{reporters,[{exometer_report_statsd,[{hostname,"localhost"},{port,8125}]}]},{subscribers,[{exometer_report_statsd,[square_square_backend,webapp,resp_time],[min,max,mean,'95','90'],1000,true},{exometer_report_statsd,[square_square_backend,ecto,query_exec_time],[min,max,mean,'95','90'],1000,true},{exometer_report_statsd,[erlang,memory],[atom,binary,ets,processes,total],1000,true},{exometer_report_statsd,[square_square_backend,webapp,resp_count],one,1000,true},{exometer_report_statsd,[square_square_backend,ecto,query_count],one,1000,true},{exometer_report_statsd,[erlang,statistics],run_queue,1000,true}]}]
2015-09-13 19:02:09.340 [info] <0.7.0> Application exometer_core started on node nonode@nohost
2015-09-13 19:02:09.342 [info] <0.340.0>@exometer_report_statsd:exometer_init:47 exometer_report_statsd([{hostname,"localhost"},{port,8125}]): Starting
2015-09-13 19:02:09.350 [info] <0.7.0> Application exometer started on node nonode@nohost
2015-09-13 19:02:33.277 [warning] <0.6.0> lager_error_logger_h dropped 70 messages in the last second that exceeded the limit of 50 messages/sec
2015-09-13 19:05:50.598 [error] <0.229.0> Supervisor 'Elixir.Logger.Supervisor' had child undefined started with 'Elixir.Logger.Watcher':watcher(error_logger, 'Elixir.Logger.ErrorHandler', {true,false,500}, link) at <0.234.0> exit with reason normal in context child_terminated
2015-09-13 19:05:50.643 [info] <0.7.0> Application lager started on node nonode@nohost
2015-09-13 19:05:50.657 [info] <0.7.0> Application setup started on node nonode@nohost
2015-09-13 19:05:50.752 [info] <0.297.0>@exometer_report:do_start_reporters:632 Starting reporters with [{reporters,[{exometer_report_statsd,[{hostname,"localhost"},{port,8125}]}]},{subscribers,[{exometer_report_statsd,[square_square_backend,webapp,resp_time],[min,max,mean,'95','90'],1000,true},{exometer_report_statsd,[square_square_backend,ecto,query_exec_time],[min,max,mean,'95','90'],1000,true},{exometer_report_statsd,[erlang,memory],[atom,binary,ets,processes,total],1000,true},{exometer_report_statsd,[square_square_backend,webapp,resp_count],one,1000,true},{exometer_report_statsd,[square_square_backend,ecto,query_count],one,1000,true},{exometer_report_statsd,[erlang,statistics],run_queue,1000,true}]}]
2015-09-13 19:05:50.752 [info] <0.7.0> Application exometer_core started on node nonode@nohost
2015-09-13 19:05:50.756 [info] <0.304.0>@exometer_report_statsd:exometer_init:47 exometer_report_statsd([{hostname,"localhost"},{port,8125}]): Starting
2015-09-13 19:05:50.770 [info] <0.7.0> Application exometer started on node nonode@nohost
2015-09-13 19:06:07.111 [warning] <0.6.0> lager_error_logger_h dropped 76 messages in the last second that exceeded the limit of 50 messages/sec
2015-09-13 19:14:29.985 [error] <0.265.0> Supervisor 'Elixir.Logger.Supervisor' had child undefined started with 'Elixir.Logger.Watcher':watcher(error_logger, 'Elixir.Logger.ErrorHandler', {true,false,500}, link) at <0.270.0> exit with reason normal in context child_terminated
2015-09-13 19:14:30.015 [info] <0.7.0> Application lager started on node nonode@nohost
2015-09-13 19:14:30.023 [info] <0.7.0> Application setup started on node nonode@nohost
2015-09-13 19:14:30.077 [info] <0.333.0>@exometer_report:do_start_reporters:632 Starting reporters with [{reporters,[{exometer_report_statsd,[{hostname,"localhost"},{port,8125}]}]},{subscribers,[{exometer_report_statsd,[square_square_backend,webapp,resp_time],[min,max,mean,'95','90'],1000,true},{exometer_report_statsd,[square_square_backend,ecto,query_exec_time],[min,max,mean,'95','90'],1000,true},{exometer_report_statsd,[erlang,memory],[atom,binary,ets,processes,total],1000,true},{exometer_report_statsd,[square_square_backend,webapp,resp_count],one,1000,true},{exometer_report_statsd,[square_square_backend,ecto,query_count],one,1000,true},{exometer_report_statsd,[erlang,statistics],run_queue,1000,true}]}]
2015-09-13 19:14:30.077 [info] <0.7.0> Application exometer_core started on node nonode@nohost
2015-09-13 19:14:30.080 [info] <0.340.0>@exometer_report_statsd:exometer_init:47 exometer_report_statsd([{hostname,"localhost"},{port,8125}]): Starting
2015-09-13 19:14:30.090 [info] <0.7.0> Application exometer started on node nonode@nohost
2015-09-13 19:28:12.253 [error] <0.265.0> Supervisor 'Elixir.Logger.Supervisor' had child undefined started with 'Elixir.Logger.Watcher':watcher(error_logger, 'Elixir.Logger.ErrorHandler', {true,false,500}, link) at <0.270.0> exit with reason normal in context child_terminated
2015-09-13 19:28:12.286 [info] <0.7.0> Application lager started on node nonode@nohost
2015-09-13 19:28:12.294 [info] <0.7.0> Application setup started on node nonode@nohost
2015-09-13 19:28:12.382 [info] <0.333.0>@exometer_report:do_start_reporters:632 Starting reporters with [{reporters,[{exometer_report_statsd,[{hostname,"localhost"},{port,8125}]}]},{subscribers,[{exometer_report_statsd,[square_square_backend,webapp,resp_time],[min,max,mean,'95','90'],1000,true},{exometer_report_statsd,[square_square_backend,ecto,query_exec_time],[min,max,mean,'95','90'],1000,true},{exometer_report_statsd,[erlang,memory],[atom,binary,ets,processes,total],1000,true},{exometer_report_statsd,[square_square_backend,webapp,resp_count],one,1000,true},{exometer_report_statsd,[square_square_backend,ecto,query_count],one,1000,true},{exometer_report_statsd,[erlang,statistics],run_queue,1000,true}]}]
2015-09-13 19:28:12.383 [info] <0.7.0> Application exometer_core started on node nonode@nohost
2015-09-13 19:28:12.386 [info] <0.340.0>@exometer_report_statsd:exometer_init:47 exometer_report_statsd([{hostname,"localhost"},{port,8125}]): Starting
2015-09-13 19:28:12.397 [info] <0.7.0> Application exometer started on node nonode@nohost
2015-09-13 19:28:22.392 [warning] <0.6.0> lager_error_logger_h dropped 75 messages in the last second that exceeded the limit of 50 messages/sec
